# JRE version: OpenJDK Runtime Environment (15.0.1+9) (build 15.0.1+9-18)
# Java VM: OpenJDK 64-Bit Server VM (15.0.1+9-18, mixed mode, tiered, compressed oops, g1 gc, windows-amd64)
GC Precious Log:
 CPUs: 4 total, 4 available
 Memory: 8151M
 Large Page Support: Disabled
 NUMA Support: Disabled
 Compressed Oops: Enabled (32-bit)
 Heap Region Size: 1M
 Heap Min Capacity: 8M
 Heap Initial Capacity: 128M
 Heap Max Capacity: 2038M
 Pre-touch: Disabled
 Parallel Workers: 4
 Concurrent Workers: 1
 Concurrent Refinement Workers: 4
 Periodic GC: Disabled
Heap:
 garbage-first heap   total 30720K, used 8069K [0x0000000080a00000, 0x0000000100000000)
  region size 1024K, 3 young (3072K), 3 survivors (3072K)
 Metaspace       used 23342K, capacity 23523K, committed 23552K, reserved 1079296K
  class space    used 2702K, capacity 2797K, committed 2816K, reserved 1048576K
GC Heap History (8 events):
Event: 1.106 GC heap before
{Heap before GC invocations=0 (full 0):
 garbage-first heap   total 131072K, used 13312K [0x0000000080a00000, 0x0000000100000000)
  region size 1024K, 13 young (13312K), 0 survivors (0K)
 Metaspace       used 11931K, capacity 12137K, committed 12416K, reserved 1060864K
  class space    used 1246K, capacity 1334K, committed 1408K, reserved 1048576K
}
Event: 1.110 GC heap after
{Heap after GC invocations=1 (full 0):
 garbage-first heap   total 131072K, used 4049K [0x0000000080a00000, 0x0000000100000000)
  region size 1024K, 2 young (2048K), 2 survivors (2048K)
 Metaspace       used 11931K, capacity 12137K, committed 12416K, reserved 1060864K
  class space    used 1246K, capacity 1334K, committed 1408K, reserved 1048576K
}
Event: 2.041 GC heap before
{Heap before GC invocations=1 (full 0):
 garbage-first heap   total 131072K, used 14289K [0x0000000080a00000, 0x0000000100000000)
  region size 1024K, 13 young (13312K), 2 survivors (2048K)
 Metaspace       used 16442K, capacity 16659K, committed 16768K, reserved 1064960K
  class space    used 1793K, capacity 1855K, committed 1920K, reserved 1048576K
}
Event: 2.044 GC heap after
{Heap after GC invocations=2 (full 0):
 garbage-first heap   total 131072K, used 5875K [0x0000000080a00000, 0x0000000100000000)
  region size 1024K, 2 young (2048K), 2 survivors (2048K)
 Metaspace       used 16442K, capacity 16659K, committed 16768K, reserved 1064960K
  class space    used 1793K, capacity 1855K, committed 1920K, reserved 1048576K
}
Event: 3.292 GC heap before
{Heap before GC invocations=2 (full 0):
 garbage-first heap   total 131072K, used 21235K [0x0000000080a00000, 0x0000000100000000)
  region size 1024K, 18 young (18432K), 2 survivors (2048K)
 Metaspace       used 20982K, capacity 21132K, committed 21248K, reserved 1069056K
  class space    used 2387K, capacity 2470K, committed 2560K, reserved 1048576K
}
Event: 3.295 GC heap after
{Heap after GC invocations=3 (full 0):
 garbage-first heap   total 131072K, used 7319K [0x0000000080a00000, 0x0000000100000000)
  region size 1024K, 2 young (2048K), 2 survivors (2048K)
 Metaspace       used 20982K, capacity 21132K, committed 21248K, reserved 1069056K
  class space    used 2387K, capacity 2470K, committed 2560K, reserved 1048576K
}
Event: 7.840 GC heap before
{Heap before GC invocations=4 (full 0):
 garbage-first heap   total 30720K, used 15511K [0x0000000080a00000, 0x0000000100000000)
  region size 1024K, 11 young (11264K), 2 survivors (2048K)
 Metaspace       used 23342K, capacity 23523K, committed 23552K, reserved 1077248K
  class space    used 2702K, capacity 2797K, committed 2816K, reserved 1048576K
}
Event: 7.843 GC heap after
{Heap after GC invocations=5 (full 0):
 garbage-first heap   total 30720K, used 8069K [0x0000000080a00000, 0x0000000100000000)
  region size 1024K, 3 young (3072K), 3 survivors (3072K)
 Metaspace       used 23342K, capacity 23523K, committed 23552K, reserved 1077248K
  class space    used 2702K, capacity 2797K, committed 2816K, reserved 1048576K
}

