<?xml version="1.0" encoding="UTF-8"?>
<!-- Generated by org.testng.reporters.JUnitXMLReporter -->
<testsuite hostname="DESKTOP-60F5ORQ" failures="1" tests="1" name="test 1" time="113.477" errors="0" timestamp="11 Feb 2021 02:04:47 GMT">
  <testcase classname="com.automation.exam.tests.TravelocityTests" name="testBookingFlightHotelCar" time="106.189">
    <failure type="java.lang.AssertionError" message="The following asserts failed:
trip info page is missing">
      <![CDATA[java.lang.AssertionError: The following asserts failed:
trip info page is missing
	at com.automation.exam.tests.TravelocityTests.testBookingFlightHotelCar(TravelocityTests.java:167)
... Removed 25 stack frames]]>
    </failure>
  </testcase> <!-- testBookingFlightHotelCar -->
</testsuite> <!-- test 1 -->
