<?xml version="1.0" encoding="UTF-8"?>
<!-- Generated by org.testng.reporters.JUnitXMLReporter -->
<testsuite hostname="DESKTOP-60F5ORQ" failures="1" tests="1" name="test 1" time="63.838" errors="0" timestamp="10 Feb 2021 21:35:50 GMT">
  <testcase classname="com.automation.exam.tests.TravelocityTests" name="testBookingFlightHotelCar" time="63.824">
    <failure type="java.lang.AssertionError" message="The following asserts failed:
car item pill is missing, could not rent a car">
      <![CDATA[java.lang.AssertionError: The following asserts failed:
car item pill is missing, could not rent a car
	at com.automation.exam.tests.TravelocityTests.testBookingFlightHotelCar(TravelocityTests.java:134)
... Removed 25 stack frames]]>
    </failure>
  </testcase> <!-- testBookingFlightHotelCar -->
</testsuite> <!-- test 1 -->
