<?xml version="1.0" encoding="UTF-8"?>
<testng-results total="1" passed="1" failed="0" skipped="0">
  <reporter-output>
  </reporter-output>
  <suite started-at="2021-02-10T13:13:07Z" name="Travelocity" finished-at="2021-02-10T13:13:43Z" duration-ms="36022">
    <groups>
      <group name="Exercise2">
        <method signature="TravelocityTests.testBookingFlightHotelCar()[pri:0, instance:com.automation.exam.tests.TravelocityTests@135606db]" name="testBookingFlightHotelCar" class="com.automation.exam.tests.TravelocityTests"/>
      </group> <!-- Exercise2 -->
    </groups>
    <test started-at="2021-02-10T13:13:07Z" name="test 1" finished-at="2021-02-10T13:13:43Z" duration-ms="36022">
      <class name="com.automation.exam.tests.TravelocityTests">
        <test-method is-config="true" signature="beforeSuite(java.lang.String)[pri:0, instance:com.automation.exam.tests.TravelocityTests@135606db]" started-at="2021-02-10T10:12:59Z" name="beforeSuite" finished-at="2021-02-10T10:13:07Z" duration-ms="8174" status="PASS">
          <params>
            <param index="0">
              <value>
                <![CDATA[chrome]]>
              </value>
            </param>
          </params>
          <reporter-output>
          </reporter-output>
        </test-method> <!-- beforeSuite -->
        <test-method signature="testBookingFlightHotelCar()[pri:0, instance:com.automation.exam.tests.TravelocityTests@135606db]" started-at="2021-02-10T10:13:07Z" name="testBookingFlightHotelCar" finished-at="2021-02-10T10:13:43Z" duration-ms="36005" status="PASS">
          <reporter-output>
          </reporter-output>
        </test-method> <!-- testBookingFlightHotelCar -->
        <test-method is-config="true" signature="afterSuite()[pri:0, instance:com.automation.exam.tests.TravelocityTests@135606db]" started-at="2021-02-10T10:13:43Z" name="afterSuite" finished-at="2021-02-10T10:13:45Z" duration-ms="1632" status="PASS">
          <reporter-output>
          </reporter-output>
        </test-method> <!-- afterSuite -->
      </class> <!-- com.automation.exam.tests.TravelocityTests -->
    </test> <!-- test 1 -->
  </suite> <!-- Travelocity -->
</testng-results>
